Graphics2D from BufferedImage lacks BUFFERED_IMAGE hint
2025/11/20 22:32:02 - Spoon - Transformation opened.
2025/11/20 22:32:02 - Spoon - Launching transformation [pentaho_rest_json_input]...
2025/11/20 22:32:02 - Spoon - Started the transformation execution.
2025/11/20 22:32:03 - pentaho_rest_json_input - Dispatching started for transformation [pentaho_rest_json_input]
2025/11/20 22:32:03 - Data grid.0 - Finished processing (I=0, O=0, R=0, W=1, U=0, E=0)
2025/11/20 22:32:05 - REST client.0 - Finished processing (I=0, O=0, R=1, W=1, U=0, E=0)
2025/11/20 22:32:05 - JSON input.0 - Finished processing (I=11, O=0, R=1, W=11, U=0, E=0)
2025/11/20 22:32:05 - Select values.0 - Finished processing (I=0, O=0, R=11, W=11, U=0, E=0)
2025/11/20 22:32:05 - Microsoft Excel output.0 - Finished processing (I=0, O=11, R=11, W=11, U=0, E=0)
2025/11/20 22:32:05 - Spoon - The transformation has finished!!
2025/11/20 22:40:44 - Spoon - Spoon
2025/11/20 22:41:28 - Spoon - Spoon
2025/11/20 22:42:49 - Spoon - Save file as...
2025/11/20 22:46:41 - Spoon - Save file as...
2025/11/20 22:46:52 - Spoon - Starting job...
2025/11/20 22:46:52 - job_json_to_excel - Start of job execution
2025/11/20 22:46:52 - job_json_to_excel - Starting entry [Transformation]
2025/11/20 22:46:52 - Transformation - ERROR (version 9.4.0.0-343, build 0.0 from 2022-11-08 07.50.27 by buildguy) : Unable to run job job_json_to_excel. The Transformation has an error. The transformation path file:///Users/jds/Desktop/win/pentaho/transformasi.ktr is invalid, and will not run successfully.
2025/11/20 22:46:52 - Transformation - ERROR (version 9.4.0.0-343, build 0.0 from 2022-11-08 07.50.27 by buildguy) : org.pentaho.di.core.exception.KettleXMLException: 
2025/11/20 22:46:52 - Transformation - The transformation path file:///Users/jds/Desktop/win/pentaho/transformasi.ktr is invalid, and will not run successfully.
2025/11/20 22:46:52 - Transformation - 
2025/11/20 22:46:52 - Transformation - 	at org.pentaho.di.trans.TransMeta.<init>(TransMeta.java:2793)
2025/11/20 22:46:52 - Transformation - 	at org.pentaho.di.base.MetaFileLoaderImpl.getMetaForEntry(MetaFileLoaderImpl.java:165)
2025/11/20 22:46:52 - Transformation - 	at org.pentaho.di.job.entries.trans.JobEntryTrans.getTransMeta(JobEntryTrans.java:1289)
2025/11/20 22:46:52 - Transformation - 	at org.pentaho.di.job.entries.trans.JobEntryTrans.execute(JobEntryTrans.java:714)
2025/11/20 22:46:52 - Transformation - 	at org.pentaho.di.job.Job.execute(Job.java:707)
2025/11/20 22:46:52 - Transformation - 	at org.pentaho.di.job.Job.execute(Job.java:848)
2025/11/20 22:46:52 - Transformation - 	at org.pentaho.di.job.Job.execute(Job.java:517)
2025/11/20 22:46:52 - Transformation - 	at org.pentaho.di.job.Job.run(Job.java:395)
2025/11/20 22:46:52 - job_json_to_excel - Finished job entry [Transformation] (result=[false])
2025/11/20 22:46:52 - job_json_to_excel - Job execution finished
2025/11/20 22:46:52 - Spoon - Job has ended.
2025/11/20 22:47:05 - Spoon - Spoon
2025/11/20 22:47:22 - Spoon - Spoon
2025/11/20 22:47:40 - Spoon - Starting job...
2025/11/20 22:47:40 - job_json_to_excel - Start of job execution
2025/11/20 22:47:40 - job_json_to_excel - Starting entry [Transformation]
2025/11/20 22:47:41 - Transformation - Using run configuration [Pentaho local]
2025/11/20 22:47:41 - pentaho_rest_json_input - Dispatching started for transformation [pentaho_rest_json_input]
2025/11/20 22:47:41 - Data grid.0 - Finished processing (I=0, O=0, R=0, W=1, U=0, E=0)
2025/11/20 22:47:42 - REST client.0 - Finished processing (I=0, O=0, R=1, W=1, U=0, E=0)
2025/11/20 22:47:42 - JSON input.0 - Finished processing (I=11, O=0, R=1, W=11, U=0, E=0)
2025/11/20 22:47:42 - Select values.0 - Finished processing (I=0, O=0, R=11, W=11, U=0, E=0)
2025/11/20 22:47:42 - Microsoft Excel output.0 - Finished processing (I=0, O=11, R=11, W=11, U=0, E=0)
2025/11/20 22:47:42 - job_json_to_excel - Starting entry [Success]
2025/11/20 22:47:42 - job_json_to_excel - Finished job entry [Success] (result=[true])
2025/11/20 22:47:42 - job_json_to_excel - Finished job entry [Transformation] (result=[true])
2025/11/20 22:47:42 - job_json_to_excel - Job execution finished
2025/11/20 22:47:42 - Spoon - Job has ended.
2025/11/20 22:48:22 - Spoon - Spoon
2025/11/20 22:48:30 - Spoon - Spoon
2025/11/20 22:48:37 - Spoon - Starting job...
2025/11/20 22:48:37 - job_json_to_excel - Start of job execution
2025/11/20 22:48:37 - job_json_to_excel - Starting entry [Transformation]
2025/11/20 22:48:37 - Transformation - Using run configuration [Pentaho local]
2025/11/20 22:48:37 - pentaho_rest_json_input - Dispatching started for transformation [pentaho_rest_json_input]
2025/11/20 22:48:38 - Data grid.0 - Finished processing (I=0, O=0, R=0, W=1, U=0, E=0)
2025/11/20 22:48:38 - REST client.0 - Finished processing (I=0, O=0, R=1, W=1, U=0, E=0)
2025/11/20 22:48:38 - JSON input.0 - Finished processing (I=11, O=0, R=1, W=11, U=0, E=0)
2025/11/20 22:48:38 - Select values.0 - Finished processing (I=0, O=0, R=11, W=11, U=0, E=0)
2025/11/20 22:48:39 - Microsoft Excel output.0 - Finished processing (I=0, O=11, R=11, W=11, U=0, E=0)
2025/11/20 22:48:39 - job_json_to_excel - Starting entry [Success]
2025/11/20 22:48:39 - job_json_to_excel - Finished job entry [Success] (result=[true])
2025/11/20 22:48:39 - job_json_to_excel - Finished job entry [Transformation] (result=[true])
2025/11/20 22:48:39 - job_json_to_excel - Job execution finished
2025/11/20 22:48:39 - Spoon - Job has ended.
